<?xml version="1.0" encoding="UTF-8"?>
<testng-results skipped="0" failed="0" ignored="0" total="2" passed="2">
  <reporter-output>
  </reporter-output>
  <suite name="Default suite" duration-ms="82434" started-at="2021-09-29T09:23:20 IST" finished-at="2021-09-29T09:24:43 IST">
    <groups>
    </groups>
    <test name="Default test" duration-ms="82434" started-at="2021-09-29T09:23:20 IST" finished-at="2021-09-29T09:24:43 IST">
      <class name="com.Urban.Runner.TestRunner">
        <test-method status="PASS" signature="beforeAllTest()[pri:0, instance:com.Urban.Runner.TestRunner@34f7cfd9]" name="beforeAllTest" is-config="true" duration-ms="23474" started-at="2021-09-29T09:23:20 IST" finished-at="2021-09-29T09:23:44 IST">
          <reporter-output>
          </reporter-output>
        </test-method> <!-- beforeAllTest -->
        <test-method status="PASS" signature="testSize()[pri:8, instance:com.Urban.Runner.TestRunner@34f7cfd9]" name="testSize" duration-ms="23835" started-at="2021-09-29T09:23:44 IST" finished-at="2021-09-29T09:24:08 IST">
          <reporter-output>
          </reporter-output>
        </test-method> <!-- testSize -->
        <test-method status="PASS" signature="closebrowser()[pri:0, instance:com.Urban.Runner.TestRunner@34f7cfd9]" name="closebrowser" is-config="true" duration-ms="1651" started-at="2021-09-29T09:24:08 IST" finished-at="2021-09-29T09:24:09 IST">
          <reporter-output>
          </reporter-output>
        </test-method> <!-- closebrowser -->
        <test-method status="PASS" signature="beforeAllTest()[pri:0, instance:com.Urban.Runner.TestRunner@34f7cfd9]" name="beforeAllTest" is-config="true" duration-ms="20935" started-at="2021-09-29T09:24:09 IST" finished-at="2021-09-29T09:24:30 IST">
          <reporter-output>
          </reporter-output>
        </test-method> <!-- beforeAllTest -->
        <test-method status="PASS" signature="testCards()[pri:9, instance:com.Urban.Runner.TestRunner@34f7cfd9]" name="testCards" duration-ms="10485" started-at="2021-09-29T09:24:30 IST" finished-at="2021-09-29T09:24:41 IST">
          <reporter-output>
          </reporter-output>
        </test-method> <!-- testCards -->
        <test-method status="PASS" signature="closebrowser()[pri:0, instance:com.Urban.Runner.TestRunner@34f7cfd9]" name="closebrowser" is-config="true" duration-ms="1803" started-at="2021-09-29T09:24:41 IST" finished-at="2021-09-29T09:24:43 IST">
          <reporter-output>
          </reporter-output>
        </test-method> <!-- closebrowser -->
      </class> <!-- com.Urban.Runner.TestRunner -->
    </test> <!-- Default test -->
  </suite> <!-- Default suite -->
</testng-results>
